0 info it worked if it ends with ok
1 verbose cli [ '/usr/local/Cellar/node/8.2.1/bin/node',
1 verbose cli   '/Users/jacobfrank/.npm-packages/bin/npm',
1 verbose cli   'install',
1 verbose cli   '--save-dev',
1 verbose cli   'eslint',
1 verbose cli   'eslint-config-gatsby' ]
2 info using npm@4.1.2
3 info using node@v8.2.1
4 silly loadCurrentTree Starting
5 silly install loadCurrentTree
6 silly install readLocalPackageData
7 silly fetchPackageMetaData eslint@^4.9.0
8 silly fetchPackageMetaData eslint-config-gatsby
9 silly fetchNamedPackageData eslint
10 silly mapToRegistry name eslint
11 silly mapToRegistry using default registry
12 silly mapToRegistry registry https://registry.npmjs.org/
13 silly mapToRegistry data Result {
13 silly mapToRegistry   raw: 'eslint',
13 silly mapToRegistry   scope: null,
13 silly mapToRegistry   escapedName: 'eslint',
13 silly mapToRegistry   name: 'eslint',
13 silly mapToRegistry   rawSpec: '',
13 silly mapToRegistry   spec: 'latest',
13 silly mapToRegistry   type: 'tag' }
14 silly mapToRegistry uri https://registry.npmjs.org/eslint
15 silly fetchNamedPackageData eslint-config-gatsby
16 silly mapToRegistry name eslint-config-gatsby
17 silly mapToRegistry using default registry
18 silly mapToRegistry registry https://registry.npmjs.org/
19 silly mapToRegistry data Result {
19 silly mapToRegistry   raw: 'eslint-config-gatsby',
19 silly mapToRegistry   scope: null,
19 silly mapToRegistry   escapedName: 'eslint-config-gatsby',
19 silly mapToRegistry   name: 'eslint-config-gatsby',
19 silly mapToRegistry   rawSpec: '',
19 silly mapToRegistry   spec: 'latest',
19 silly mapToRegistry   type: 'tag' }
20 silly mapToRegistry uri https://registry.npmjs.org/eslint-config-gatsby
21 verbose request uri https://registry.npmjs.org/eslint-config-gatsby
22 verbose request no auth needed
23 info attempt registry request try #1 at 2:55:06 PM
24 verbose request id 6a7393ae1156c95d
25 http request GET https://registry.npmjs.org/eslint-config-gatsby
26 verbose request uri https://registry.npmjs.org/eslint
27 verbose request no auth needed
28 info attempt registry request try #1 at 2:55:06 PM
29 verbose etag W/"59efd7af-7f4dc"
30 verbose lastModified Wed, 25 Oct 2017 00:15:43 GMT
31 http request GET https://registry.npmjs.org/eslint
32 http 304 https://registry.npmjs.org/eslint
33 verbose headers { date: 'Fri, 27 Oct 2017 18:55:06 GMT',
33 verbose headers   via: '1.1 varnish',
33 verbose headers   'cache-control': 'max-age=300',
33 verbose headers   etag: 'W/"59efd7af-7f4dc"',
33 verbose headers   age: '252',
33 verbose headers   connection: 'keep-alive',
33 verbose headers   'x-served-by': 'cache-ord1720-ORD',
33 verbose headers   'x-cache': 'HIT',
33 verbose headers   'x-cache-hits': '3',
33 verbose headers   'x-timer': 'S1509130506.337718,VS0,VE0',
33 verbose headers   vary: 'Accept-Encoding, Accept' }
34 silly get cb [ 304,
34 silly get   { date: 'Fri, 27 Oct 2017 18:55:06 GMT',
34 silly get     via: '1.1 varnish',
34 silly get     'cache-control': 'max-age=300',
34 silly get     etag: 'W/"59efd7af-7f4dc"',
34 silly get     age: '252',
34 silly get     connection: 'keep-alive',
34 silly get     'x-served-by': 'cache-ord1720-ORD',
34 silly get     'x-cache': 'HIT',
34 silly get     'x-cache-hits': '3',
34 silly get     'x-timer': 'S1509130506.337718,VS0,VE0',
34 silly get     vary: 'Accept-Encoding, Accept' } ]
35 verbose etag https://registry.npmjs.org/eslint from cache
36 verbose get saving eslint to /Users/jacobfrank/.npm/registry.npmjs.org/eslint/.cache.json
37 verbose correctMkdir /Users/jacobfrank/.npm correctMkdir not in flight; initializing
38 silly pickManifestFromRegistryMetadata spec >=4.9.0 <5.0.0 tag latest versions [ '0.0.4',
38 silly pickManifestFromRegistryMetadata   '0.0.5',
38 silly pickManifestFromRegistryMetadata   '0.0.6',
38 silly pickManifestFromRegistryMetadata   '0.0.7',
38 silly pickManifestFromRegistryMetadata   '0.1.0-dev',
38 silly pickManifestFromRegistryMetadata   '0.1.0',
38 silly pickManifestFromRegistryMetadata   '0.1.1',
38 silly pickManifestFromRegistryMetadata   '0.1.2',
38 silly pickManifestFromRegistryMetadata   '0.1.3',
38 silly pickManifestFromRegistryMetadata   '0.1.4',
38 silly pickManifestFromRegistryMetadata   '0.2.0',
38 silly pickManifestFromRegistryMetadata   '0.3.0',
38 silly pickManifestFromRegistryMetadata   '0.4.0',
38 silly pickManifestFromRegistryMetadata   '0.4.1',
38 silly pickManifestFromRegistryMetadata   '0.4.2',
38 silly pickManifestFromRegistryMetadata   '0.4.3',
38 silly pickManifestFromRegistryMetadata   '0.4.4',
38 silly pickManifestFromRegistryMetadata   '0.4.5',
38 silly pickManifestFromRegistryMetadata   '0.5.0',
38 silly pickManifestFromRegistryMetadata   '0.5.1',
38 silly pickManifestFromRegistryMetadata   '0.6.0',
38 silly pickManifestFromRegistryMetadata   '0.6.1',
38 silly pickManifestFromRegistryMetadata   '0.6.2',
38 silly pickManifestFromRegistryMetadata   '0.7.1',
38 silly pickManifestFromRegistryMetadata   '0.7.2',
38 silly pickManifestFromRegistryMetadata   '0.7.3',
38 silly pickManifestFromRegistryMetadata   '0.7.4',
38 silly pickManifestFromRegistryMetadata   '0.8.0',
38 silly pickManifestFromRegistryMetadata   '0.8.1',
38 silly pickManifestFromRegistryMetadata   '0.8.2',
38 silly pickManifestFromRegistryMetadata   '0.9.0',
38 silly pickManifestFromRegistryMetadata   '0.9.1',
38 silly pickManifestFromRegistryMetadata   '0.9.2',
38 silly pickManifestFromRegistryMetadata   '0.10.0-alpha',
38 silly pickManifestFromRegistryMetadata   '0.10.0-alpha.1',
38 silly pickManifestFromRegistryMetadata   '0.10.0-alpha.2',
38 silly pickManifestFromRegistryMetadata   '0.10.0',
38 silly pickManifestFromRegistryMetadata   '0.11.0-alpha.0',
38 silly pickManifestFromRegistryMetadata   '0.10.1',
38 silly pickManifestFromRegistryMetadata   '0.10.2',
38 silly pickManifestFromRegistryMetadata   '0.11.0',
38 silly pickManifestFromRegistryMetadata   '0.12.0',
38 silly pickManifestFromRegistryMetadata   '0.13.0',
38 silly pickManifestFromRegistryMetadata   '0.14.0',
38 silly pickManifestFromRegistryMetadata   '0.14.1',
38 silly pickManifestFromRegistryMetadata   '0.15.0',
38 silly pickManifestFromRegistryMetadata   '0.15.1',
38 silly pickManifestFromRegistryMetadata   '0.16.0',
38 silly pickManifestFromRegistryMetadata   '0.16.1',
38 silly pickManifestFromRegistryMetadata   '0.16.2',
38 silly pickManifestFromRegistryMetadata   '0.17.0',
38 silly pickManifestFromRegistryMetadata   '0.17.1',
38 silly pickManifestFromRegistryMetadata   '0.18.0',
38 silly pickManifestFromRegistryMetadata   '0.19.0',
38 silly pickManifestFromRegistryMetadata   '0.20.0',
38 silly pickManifestFromRegistryMetadata   '0.21.0',
38 silly pickManifestFromRegistryMetadata   '0.21.1',
38 silly pickManifestFromRegistryMetadata   '0.21.2',
38 silly pickManifestFromRegistryMetadata   '0.22.0',
38 silly pickManifestFromRegistryMetadata   '0.22.1',
38 silly pickManifestFromRegistryMetadata   '0.23.0',
38 silly pickManifestFromRegistryMetadata   '0.24.0',
38 silly pickManifestFromRegistryMetadata   '0.24.1',
38 silly pickManifestFromRegistryMetadata   '1.0.0-rc-1',
38 silly pickManifestFromRegistryMetadata   '1.0.0-rc-2',
38 silly pickManifestFromRegistryMetadata   '1.0.0-rc-3',
38 silly pickManifestFromRegistryMetadata   '1.0.0',
38 silly pickManifestFromRegistryMetadata   '1.1.0',
38 silly pickManifestFromRegistryMetadata   '1.2.0',
38 silly pickManifestFromRegistryMetadata   '1.2.1',
38 silly pickManifestFromRegistryMetadata   '1.3.0',
38 silly pickManifestFromRegistryMetadata   '1.3.1',
38 silly pickManifestFromRegistryMetadata   '1.4.0',
38 silly pickManifestFromRegistryMetadata   '1.4.1',
38 silly pickManifestFromRegistryMetadata   '1.4.2',
38 silly pickManifestFromRegistryMetadata   '1.4.3',
38 silly pickManifestFromRegistryMetadata   '1.5.0',
38 silly pickManifestFromRegistryMetadata   '1.5.1',
38 silly pickManifestFromRegistryMetadata   '1.6.0',
38 silly pickManifestFromRegistryMetadata   '1.7.0',
38 silly pickManifestFromRegistryMetadata   '1.7.1',
38 silly pickManifestFromRegistryMetadata   '1.7.2',
38 silly pickManifestFromRegistryMetadata   '1.7.3',
38 silly pickManifestFromRegistryMetadata   '1.8.0',
38 silly pickManifestFromRegistryMetadata   '1.9.0',
38 silly pickManifestFromRegistryMetadata   '1.10.0',
38 silly pickManifestFromRegistryMetadata   '1.10.1',
38 silly pickManifestFromRegistryMetadata   '1.10.2',
38 silly pickManifestFromRegistryMetadata   '1.10.3',
38 silly pickManifestFromRegistryMetadata   '2.0.0-alpha-1',
38 silly pickManifestFromRegistryMetadata   '2.0.0-alpha-2',
38 silly pickManifestFromRegistryMetadata   '2.0.0-beta.1',
38 silly pickManifestFromRegistryMetadata   '2.0.0-beta.2',
38 silly pickManifestFromRegistryMetadata   '2.0.0-beta.3',
38 silly pickManifestFromRegistryMetadata   '2.0.0-rc.0',
38 silly pickManifestFromRegistryMetadata   '2.0.0-rc.1',
38 silly pickManifestFromRegistryMetadata   '2.0.0',
38 silly pickManifestFromRegistryMetadata   '2.1.0',
38 silly pickManifestFromRegistryMetadata   '2.2.0',
38 silly pickManifestFromRegistryMetadata   '2.3.0',
38 silly pickManifestFromRegistryMetadata   ... 75 more items ]
39 http 404 https://registry.npmjs.org/eslint-config-gatsby
40 verbose headers { 'content-type': 'application/json',
40 verbose headers   'cache-control': 'max-age=0',
40 verbose headers   'content-length': '2',
40 verbose headers   'accept-ranges': 'bytes',
40 verbose headers   date: 'Fri, 27 Oct 2017 18:55:06 GMT',
40 verbose headers   via: '1.1 varnish',
40 verbose headers   age: '0',
40 verbose headers   connection: 'keep-alive',
40 verbose headers   'x-served-by': 'cache-ord1744-ORD',
40 verbose headers   'x-cache': 'MISS',
40 verbose headers   'x-cache-hits': '0',
40 verbose headers   'x-timer': 'S1509130506.348922,VS0,VE345',
40 verbose headers   vary: 'Accept-Encoding' }
41 silly get cb [ 404,
41 silly get   { 'content-type': 'application/json',
41 silly get     'cache-control': 'max-age=0',
41 silly get     'content-length': '2',
41 silly get     'accept-ranges': 'bytes',
41 silly get     date: 'Fri, 27 Oct 2017 18:55:06 GMT',
41 silly get     via: '1.1 varnish',
41 silly get     age: '0',
41 silly get     connection: 'keep-alive',
41 silly get     'x-served-by': 'cache-ord1744-ORD',
41 silly get     'x-cache': 'MISS',
41 silly get     'x-cache-hits': '0',
41 silly get     'x-timer': 'S1509130506.348922,VS0,VE345',
41 silly get     vary: 'Accept-Encoding' } ]
42 silly fetchPackageMetaData Error: Registry returned 404 for GET on https://registry.npmjs.org/eslint-config-gatsby
42 silly fetchPackageMetaData     at makeError (/Users/jacobfrank/.npm-packages/lib/node_modules/npm/node_modules/npm-registry-client/lib/request.js:304:12)
42 silly fetchPackageMetaData     at CachingRegistryClient.<anonymous> (/Users/jacobfrank/.npm-packages/lib/node_modules/npm/node_modules/npm-registry-client/lib/request.js:282:14)
42 silly fetchPackageMetaData     at Request._callback (/Users/jacobfrank/.npm-packages/lib/node_modules/npm/node_modules/npm-registry-client/lib/request.js:212:14)
42 silly fetchPackageMetaData     at Request.self.callback (/Users/jacobfrank/.npm-packages/lib/node_modules/npm/node_modules/request/request.js:186:22)
42 silly fetchPackageMetaData     at emitTwo (events.js:125:13)
42 silly fetchPackageMetaData     at Request.emit (events.js:213:7)
42 silly fetchPackageMetaData     at Request.<anonymous> (/Users/jacobfrank/.npm-packages/lib/node_modules/npm/node_modules/request/request.js:1081:10)
42 silly fetchPackageMetaData     at emitOne (events.js:115:13)
42 silly fetchPackageMetaData     at Request.emit (events.js:210:7)
42 silly fetchPackageMetaData     at IncomingMessage.<anonymous> (/Users/jacobfrank/.npm-packages/lib/node_modules/npm/node_modules/request/request.js:1001:12)
42 silly fetchPackageMetaData  error for eslint-config-gatsby { Error: Registry returned 404 for GET on https://registry.npmjs.org/eslint-config-gatsby
42 silly fetchPackageMetaData     at makeError (/Users/jacobfrank/.npm-packages/lib/node_modules/npm/node_modules/npm-registry-client/lib/request.js:304:12)
42 silly fetchPackageMetaData     at CachingRegistryClient.<anonymous> (/Users/jacobfrank/.npm-packages/lib/node_modules/npm/node_modules/npm-registry-client/lib/request.js:282:14)
42 silly fetchPackageMetaData     at Request._callback (/Users/jacobfrank/.npm-packages/lib/node_modules/npm/node_modules/npm-registry-client/lib/request.js:212:14)
42 silly fetchPackageMetaData     at Request.self.callback (/Users/jacobfrank/.npm-packages/lib/node_modules/npm/node_modules/request/request.js:186:22)
42 silly fetchPackageMetaData     at emitTwo (events.js:125:13)
42 silly fetchPackageMetaData     at Request.emit (events.js:213:7)
42 silly fetchPackageMetaData     at Request.<anonymous> (/Users/jacobfrank/.npm-packages/lib/node_modules/npm/node_modules/request/request.js:1081:10)
42 silly fetchPackageMetaData     at emitOne (events.js:115:13)
42 silly fetchPackageMetaData     at Request.emit (events.js:210:7)
42 silly fetchPackageMetaData     at IncomingMessage.<anonymous> (/Users/jacobfrank/.npm-packages/lib/node_modules/npm/node_modules/request/request.js:1001:12) pkgid: 'eslint-config-gatsby', statusCode: 404, code: 'E404' }
43 silly rollbackFailedOptional Starting
44 silly rollbackFailedOptional Finishing
45 silly runTopLevelLifecycles Finishing
46 silly install printInstalled
47 verbose stack Error: Registry returned 404 for GET on https://registry.npmjs.org/eslint-config-gatsby
47 verbose stack     at makeError (/Users/jacobfrank/.npm-packages/lib/node_modules/npm/node_modules/npm-registry-client/lib/request.js:304:12)
47 verbose stack     at CachingRegistryClient.<anonymous> (/Users/jacobfrank/.npm-packages/lib/node_modules/npm/node_modules/npm-registry-client/lib/request.js:282:14)
47 verbose stack     at Request._callback (/Users/jacobfrank/.npm-packages/lib/node_modules/npm/node_modules/npm-registry-client/lib/request.js:212:14)
47 verbose stack     at Request.self.callback (/Users/jacobfrank/.npm-packages/lib/node_modules/npm/node_modules/request/request.js:186:22)
47 verbose stack     at emitTwo (events.js:125:13)
47 verbose stack     at Request.emit (events.js:213:7)
47 verbose stack     at Request.<anonymous> (/Users/jacobfrank/.npm-packages/lib/node_modules/npm/node_modules/request/request.js:1081:10)
47 verbose stack     at emitOne (events.js:115:13)
47 verbose stack     at Request.emit (events.js:210:7)
47 verbose stack     at IncomingMessage.<anonymous> (/Users/jacobfrank/.npm-packages/lib/node_modules/npm/node_modules/request/request.js:1001:12)
48 verbose statusCode 404
49 verbose pkgid eslint-config-gatsby
50 verbose cwd /Users/jacobfrank/GitHub/newmediaclub-site
51 error Darwin 16.7.0
52 error argv "/usr/local/Cellar/node/8.2.1/bin/node" "/Users/jacobfrank/.npm-packages/bin/npm" "install" "--save-dev" "eslint" "eslint-config-gatsby"
53 error node v8.2.1
54 error npm  v4.1.2
55 error code E404
56 error 404 Registry returned 404 for GET on https://registry.npmjs.org/eslint-config-gatsby
57 error 404
58 error 404 'eslint-config-gatsby' is not in the npm registry.
59 error 404 You should bug the author to publish it (or use the name yourself!)
60 error 404 Note that you can also install from a
61 error 404 tarball, folder, http url, or git url.
62 verbose exit [ 1, true ]
